
DESKTOP-BAIR3IJ (Client)	Mon May 13 19:05:49 2024
	INET/INET_connect: gethostbyname (WORKGROUP) failed, error code = 11001


DESKTOP-BAIR3IJ (Client)	Mon May 13 19:05:52 2024
	INET/INET_connect: gethostbyname (WORKGROUP) failed, error code = 11001


DESKTOP-BAIR3IJ (Client)	Mon May 13 19:06:16 2024
	WNET/wnet_error: CreateFile errno = 53


DESKTOP-BAIR3IJ (Client)	Mon May 13 19:06:27 2024
	WNET/wnet_error: CreateFile errno = 53


DESKTOP-BAIR3IJ (Client)	Mon May 13 19:06:36 2024
	WNET/wnet_error: CreateFile errno = 53


DESKTOP-BAIR3IJ (Client)	Mon May 13 19:06:54 2024
	WNET/wnet_error: CreateFile errno = 53


DESKTOP-BAIR3IJ (Client)	Mon May 13 19:15:13 2024
	INET/inet_error: connect errno = 10060


DESKTOP-BAIR3IJ (Client)	Mon May 13 19:15:36 2024
	INET/inet_error: connect errno = 10060


DESKTOP-BAIR3IJ (Client)	Mon May 13 19:20:36 2024
	INET/inet_error: connect errno = 10060


DESKTOP-BAIR3IJ (Client)	Mon May 13 19:20:59 2024
	INET/inet_error: connect errno = 10060


DESKTOP-BAIR3IJ (Client)	Mon May 13 19:21:29 2024
	INET/inet_error: connect errno = 10060


DESKTOP-BAIR3IJ (Client)	Mon May 13 19:21:36 2024
	INET/inet_error: connect errno = 10060


DESKTOP-BAIR3IJ (Client)	Mon May 13 19:21:52 2024
	INET/inet_error: connect errno = 10060


DESKTOP-BAIR3IJ (Client)	Mon May 13 19:21:55 2024
	INET/inet_error: connect errno = 10060


DESKTOP-BAIR3IJ (Client)	Mon May 13 19:21:59 2024
	INET/inet_error: connect errno = 10060


DESKTOP-BAIR3IJ (Client)	Mon May 13 19:22:18 2024
	INET/inet_error: connect errno = 10060


DESKTOP-BAIR3IJ (Client)	Mon May 13 19:24:41 2024
	INET/inet_error: connect errno = 10060


DESKTOP-BAIR3IJ (Client)	Mon May 13 19:24:46 2024
	INET/inet_error: connect errno = 10060


DESKTOP-BAIR3IJ (Client)	Mon May 13 19:25:04 2024
	INET/inet_error: connect errno = 10060


DESKTOP-BAIR3IJ (Client)	Mon May 13 19:25:09 2024
	INET/inet_error: connect errno = 10060


DESKTOP-BAIR3IJ (Client)	Mon Nov 04 20:27:02 2024
	INET/INET_connect: gethostbyname (SERVIDOR) failed, error code = 11001


DESKTOP-BAIR3IJ (Client)	Mon Nov 04 20:27:07 2024
	INET/INET_connect: gethostbyname (SERVIDOR) failed, error code = 11001


DESKTOP-BAIR3IJ (Client)	Fri Nov 08 17:27:04 2024
	INET/INET_connect: gethostbyname (SERVIDOR) failed, error code = 11001


DESKTOP-BAIR3IJ (Client)	Fri Nov 08 17:27:08 2024
	INET/INET_connect: gethostbyname (SERVIDOR) failed, error code = 11001


DESKTOP-BAIR3IJ (Client)	Fri Nov 08 17:27:21 2024
	INET/INET_connect: gethostbyname (SERVIDOR) failed, error code = 11001


DESKTOP-BAIR3IJ (Client)	Fri Nov 08 17:27:25 2024
	INET/INET_connect: gethostbyname (SERVIDOR) failed, error code = 11001


DESKTOP-BAIR3IJ (Client)	Fri Nov 08 17:27:37 2024
	INET/INET_connect: gethostbyname (SERVIDOR) failed, error code = 11001


DESKTOP-BAIR3IJ (Client)	Fri Nov 08 17:27:41 2024
	INET/INET_connect: gethostbyname (SERVIDOR) failed, error code = 11001


DESKTOP-BAIR3IJ (Client)	Fri Dec 13 16:27:44 2024
	INET/INET_connect: gethostbyname (SERVIDOR) failed, error code = 11001


DESKTOP-BAIR3IJ (Client)	Fri Dec 13 16:27:48 2024
	INET/INET_connect: gethostbyname (SERVIDOR) failed, error code = 11001


DESKTOP-BAIR3IJ (Client)	Sun Aug 24 19:18:07 2025
	INET/INET_connect: gethostbyname (SERVIDOR) failed, error code = 11001


DESKTOP-BAIR3IJ (Client)	Sun Aug 24 19:18:11 2025
	INET/INET_connect: gethostbyname (SERVIDOR) failed, error code = 11001

